2024-06-08 00:43:20,351 [INFO] org.springframework.orm.jpa.LocalContainerEntityManagerFactoryBean [SpringApplicationShutdownHook] Closing JPA EntityManagerFactory for persistence unit 'default'
2024-06-08 00:43:20,366 [INFO] com.zaxxer.hikari.HikariDataSource [SpringApplicationShutdownHook] HikariPool-1 - Shutdown initiated...
2024-06-08 00:43:20,372 [INFO] com.zaxxer.hikari.HikariDataSource [SpringApplicationShutdownHook] HikariPool-1 - Shutdown completed.
2024-06-08 00:43:27,199 [INFO] com.example.demo.Demo1Application [main] Starting Demo1Application using Java 17.0.7 with PID 2776 (/Users/oww/Library/Mobile Documents/com~apple~CloudDocs/IdeaProjects/springFramwork/React/demo1/target/classes started by oww in /Users/oww/Library/Mobile Documents/com~apple~CloudDocs/IdeaProjects/springFramwork/React/demo1)
2024-06-08 00:43:27,201 [DEBUG] com.example.demo.Demo1Application [main] Running with Spring Boot v3.3.0, Spring v6.1.8
2024-06-08 00:43:27,202 [INFO] com.example.demo.Demo1Application [main] No active profile set, falling back to 1 default profile: "default"
2024-06-08 00:43:28,295 [INFO] org.springframework.data.repository.config.RepositoryConfigurationDelegate [main] Bootstrapping Spring Data JPA repositories in DEFAULT mode.
2024-06-08 00:43:28,363 [INFO] org.springframework.data.repository.config.RepositoryConfigurationDelegate [main] Finished Spring Data repository scanning in 63 ms. Found 2 JPA repository interfaces.
2024-06-08 00:43:28,973 [INFO] org.springframework.boot.web.embedded.tomcat.TomcatWebServer [main] Tomcat initialized with port 8082 (http)
2024-06-08 00:43:28,985 [INFO] org.apache.catalina.core.StandardService [main] Starting service [Tomcat]
2024-06-08 00:43:28,985 [INFO] org.apache.catalina.core.StandardEngine [main] Starting Servlet engine: [Apache Tomcat/10.1.24]
2024-06-08 00:43:29,038 [INFO] org.apache.catalina.core.ContainerBase.[Tomcat].[localhost].[/] [main] Initializing Spring embedded WebApplicationContext
2024-06-08 00:43:29,039 [INFO] org.springframework.boot.web.servlet.context.ServletWebServerApplicationContext [main] Root WebApplicationContext: initialization completed in 1781 ms
2024-06-08 00:43:29,079 [INFO] com.zaxxer.hikari.HikariDataSource [main] HikariPool-1 - Starting...
2024-06-08 00:43:29,228 [INFO] com.zaxxer.hikari.pool.HikariPool [main] HikariPool-1 - Added connection conn0: url=jdbc:h2:file:./db/db user=ROOT
2024-06-08 00:43:29,230 [INFO] com.zaxxer.hikari.HikariDataSource [main] HikariPool-1 - Start completed.
2024-06-08 00:43:29,247 [INFO] org.springframework.boot.autoconfigure.h2.H2ConsoleAutoConfiguration [main] H2 console available at '/db-console'. Database available at 'jdbc:h2:file:./db/db'
2024-06-08 00:43:29,438 [INFO] org.hibernate.jpa.internal.util.LogHelper [main] HHH000204: Processing PersistenceUnitInfo [name: default]
2024-06-08 00:43:29,478 [INFO] org.hibernate.Version [main] HHH000412: Hibernate ORM core version 6.5.2.Final
2024-06-08 00:43:29,501 [INFO] org.hibernate.cache.internal.RegionFactoryInitiator [main] HHH000026: Second-level cache disabled
2024-06-08 00:43:29,714 [INFO] org.springframework.orm.jpa.persistenceunit.SpringPersistenceUnitInfo [main] No LoadTimeWeaver setup: ignoring JPA class transformer
2024-06-08 00:43:29,749 [WARN] org.hibernate.orm.deprecation [main] HHH90000025: H2Dialect does not need to be specified explicitly using 'hibernate.dialect' (remove the property setting and it will be selected by default)
2024-06-08 00:43:30,431 [INFO] org.hibernate.engine.transaction.jta.platform.internal.JtaPlatformInitiator [main] HHH000489: No JTA platform available (set 'hibernate.transaction.jta.platform' to enable JTA platform integration)
2024-06-08 00:43:30,466 [INFO] org.springframework.orm.jpa.LocalContainerEntityManagerFactoryBean [main] Initialized JPA EntityManagerFactory for persistence unit 'default'
2024-06-08 00:43:31,138 [WARN] org.springframework.boot.autoconfigure.orm.jpa.JpaBaseConfiguration$JpaWebConfiguration [main] spring.jpa.open-in-view is enabled by default. Therefore, database queries may be performed during view rendering. Explicitly configure spring.jpa.open-in-view to disable this warning
2024-06-08 00:43:31,153 [INFO] org.springframework.security.config.annotation.authentication.configuration.InitializeUserDetailsBeanManagerConfigurer$InitializeUserDetailsManagerConfigurer [main] Global AuthenticationManager configured with UserDetailsService bean with name accountService
2024-06-08 00:43:31,413 [INFO] org.springframework.security.web.DefaultSecurityFilterChain [main] Will secure any request with [org.springframework.security.web.session.DisableEncodeUrlFilter@3aebdb4, org.springframework.security.web.context.request.async.WebAsyncManagerIntegrationFilter@4fd70118, org.springframework.security.web.context.SecurityContextHolderFilter@2e2a2b07, org.springframework.security.web.header.HeaderWriterFilter@5924ea91, org.springframework.web.filter.CorsFilter@1db7c267, org.springframework.security.web.authentication.logout.LogoutFilter@273e622f, org.springframework.security.oauth2.server.resource.web.authentication.BearerTokenAuthenticationFilter@5ab1107d, org.springframework.security.web.savedrequest.RequestCacheAwareFilter@e1d2781, org.springframework.security.web.servletapi.SecurityContextHolderAwareRequestFilter@569026df, org.springframework.security.web.authentication.AnonymousAuthenticationFilter@516370c1, org.springframework.security.web.session.SessionManagementFilter@67e37d25, org.springframework.security.web.access.ExceptionTranslationFilter@3437fc4f, org.springframework.security.web.access.intercept.AuthorizationFilter@3ba8fbc8]
2024-06-08 00:43:31,815 [INFO] org.springframework.boot.web.embedded.tomcat.TomcatWebServer [main] Tomcat started on port 8082 (http) with context path '/'
2024-06-08 00:43:31,834 [INFO] com.example.demo.Demo1Application [main] Started Demo1Application in 5.309 seconds (process running for 5.922)
2024-06-08 00:43:35,003 [INFO] org.apache.catalina.core.ContainerBase.[Tomcat].[localhost].[/] [http-nio-8082-exec-1] Initializing Spring DispatcherServlet 'dispatcherServlet'
2024-06-08 00:43:35,004 [INFO] org.springframework.web.servlet.DispatcherServlet [http-nio-8082-exec-1] Initializing Servlet 'dispatcherServlet'
2024-06-08 00:43:35,005 [INFO] org.springframework.web.servlet.DispatcherServlet [http-nio-8082-exec-1] Completed initialization in 1 ms
2024-06-08 00:43:36,384 [INFO] org.springdoc.api.AbstractOpenApiResource [http-nio-8082-exec-5] Init duration for springdoc-openapi is: 596 ms
2024-06-08 00:44:56,078 [DEBUG] com.example.demo.controller.AlbumController [http-nio-8082-exec-8] ADD_ALBUM_ERROR: Cannot invoke "org.springframework.security.core.Authentication.getName()" because "authentication" is null
2024-06-08 00:44:57,698 [DEBUG] com.example.demo.controller.AlbumController [http-nio-8082-exec-9] ADD_ALBUM_ERROR: Cannot invoke "org.springframework.security.core.Authentication.getName()" because "authentication" is null
2024-06-08 00:45:46,611 [INFO] org.springframework.orm.jpa.LocalContainerEntityManagerFactoryBean [SpringApplicationShutdownHook] Closing JPA EntityManagerFactory for persistence unit 'default'
2024-06-08 00:45:46,617 [INFO] com.zaxxer.hikari.HikariDataSource [SpringApplicationShutdownHook] HikariPool-1 - Shutdown initiated...
2024-06-08 00:45:46,623 [INFO] com.zaxxer.hikari.HikariDataSource [SpringApplicationShutdownHook] HikariPool-1 - Shutdown completed.
2024-06-08 00:45:54,323 [INFO] com.example.demo.Demo1Application [main] Starting Demo1Application using Java 17.0.7 with PID 3534 (/Users/oww/Library/Mobile Documents/com~apple~CloudDocs/IdeaProjects/springFramwork/React/demo1/target/classes started by oww in /Users/oww/Library/Mobile Documents/com~apple~CloudDocs/IdeaProjects/springFramwork/React/demo1)
2024-06-08 00:45:54,325 [DEBUG] com.example.demo.Demo1Application [main] Running with Spring Boot v3.3.0, Spring v6.1.8
2024-06-08 00:45:54,327 [INFO] com.example.demo.Demo1Application [main] No active profile set, falling back to 1 default profile: "default"
2024-06-08 00:45:55,368 [INFO] org.springframework.data.repository.config.RepositoryConfigurationDelegate [main] Bootstrapping Spring Data JPA repositories in DEFAULT mode.
2024-06-08 00:45:55,436 [INFO] org.springframework.data.repository.config.RepositoryConfigurationDelegate [main] Finished Spring Data repository scanning in 61 ms. Found 2 JPA repository interfaces.
2024-06-08 00:45:56,071 [INFO] org.springframework.boot.web.embedded.tomcat.TomcatWebServer [main] Tomcat initialized with port 8082 (http)
2024-06-08 00:45:56,084 [INFO] org.apache.catalina.core.StandardService [main] Starting service [Tomcat]
2024-06-08 00:45:56,084 [INFO] org.apache.catalina.core.StandardEngine [main] Starting Servlet engine: [Apache Tomcat/10.1.24]
2024-06-08 00:45:56,146 [INFO] org.apache.catalina.core.ContainerBase.[Tomcat].[localhost].[/] [main] Initializing Spring embedded WebApplicationContext
2024-06-08 00:45:56,147 [INFO] org.springframework.boot.web.servlet.context.ServletWebServerApplicationContext [main] Root WebApplicationContext: initialization completed in 1765 ms
2024-06-08 00:45:56,189 [INFO] com.zaxxer.hikari.HikariDataSource [main] HikariPool-1 - Starting...
2024-06-08 00:45:56,356 [INFO] com.zaxxer.hikari.pool.HikariPool [main] HikariPool-1 - Added connection conn0: url=jdbc:h2:file:./db/db user=ROOT
2024-06-08 00:45:56,358 [INFO] com.zaxxer.hikari.HikariDataSource [main] HikariPool-1 - Start completed.
2024-06-08 00:45:56,372 [INFO] org.springframework.boot.autoconfigure.h2.H2ConsoleAutoConfiguration [main] H2 console available at '/db-console'. Database available at 'jdbc:h2:file:./db/db'
2024-06-08 00:45:56,578 [INFO] org.hibernate.jpa.internal.util.LogHelper [main] HHH000204: Processing PersistenceUnitInfo [name: default]
2024-06-08 00:45:56,623 [INFO] org.hibernate.Version [main] HHH000412: Hibernate ORM core version 6.5.2.Final
2024-06-08 00:45:56,645 [INFO] org.hibernate.cache.internal.RegionFactoryInitiator [main] HHH000026: Second-level cache disabled
2024-06-08 00:45:56,844 [INFO] org.springframework.orm.jpa.persistenceunit.SpringPersistenceUnitInfo [main] No LoadTimeWeaver setup: ignoring JPA class transformer
2024-06-08 00:45:56,879 [WARN] org.hibernate.orm.deprecation [main] HHH90000025: H2Dialect does not need to be specified explicitly using 'hibernate.dialect' (remove the property setting and it will be selected by default)
2024-06-08 00:45:57,547 [INFO] org.hibernate.engine.transaction.jta.platform.internal.JtaPlatformInitiator [main] HHH000489: No JTA platform available (set 'hibernate.transaction.jta.platform' to enable JTA platform integration)
2024-06-08 00:45:57,583 [INFO] org.springframework.orm.jpa.LocalContainerEntityManagerFactoryBean [main] Initialized JPA EntityManagerFactory for persistence unit 'default'
2024-06-08 00:45:58,727 [WARN] org.springframework.boot.autoconfigure.orm.jpa.JpaBaseConfiguration$JpaWebConfiguration [main] spring.jpa.open-in-view is enabled by default. Therefore, database queries may be performed during view rendering. Explicitly configure spring.jpa.open-in-view to disable this warning
2024-06-08 00:45:58,747 [INFO] org.springframework.security.config.annotation.authentication.configuration.InitializeUserDetailsBeanManagerConfigurer$InitializeUserDetailsManagerConfigurer [main] Global AuthenticationManager configured with UserDetailsService bean with name accountService
2024-06-08 00:45:59,091 [INFO] org.springframework.security.web.DefaultSecurityFilterChain [main] Will secure any request with [org.springframework.security.web.session.DisableEncodeUrlFilter@60660d21, org.springframework.security.web.context.request.async.WebAsyncManagerIntegrationFilter@2898c70d, org.springframework.security.web.context.SecurityContextHolderFilter@374013e8, org.springframework.security.web.header.HeaderWriterFilter@307ba188, org.springframework.web.filter.CorsFilter@ec67be1, org.springframework.security.web.authentication.logout.LogoutFilter@40aaf656, org.springframework.security.oauth2.server.resource.web.authentication.BearerTokenAuthenticationFilter@2b71a12e, org.springframework.security.web.savedrequest.RequestCacheAwareFilter@6b3284, org.springframework.security.web.servletapi.SecurityContextHolderAwareRequestFilter@3c00da24, org.springframework.security.web.authentication.AnonymousAuthenticationFilter@64a00fe0, org.springframework.security.web.session.SessionManagementFilter@2a5d9ede, org.springframework.security.web.access.ExceptionTranslationFilter@22cca101, org.springframework.security.web.access.intercept.AuthorizationFilter@51806858]
2024-06-08 00:45:59,403 [INFO] org.springframework.boot.web.embedded.tomcat.TomcatWebServer [main] Tomcat started on port 8082 (http) with context path '/'
2024-06-08 00:45:59,418 [INFO] com.example.demo.Demo1Application [main] Started Demo1Application in 5.67 seconds (process running for 6.315)
2024-06-08 00:46:05,218 [INFO] org.apache.catalina.core.ContainerBase.[Tomcat].[localhost].[/] [http-nio-8082-exec-1] Initializing Spring DispatcherServlet 'dispatcherServlet'
2024-06-08 00:46:05,219 [INFO] org.springframework.web.servlet.DispatcherServlet [http-nio-8082-exec-1] Initializing Servlet 'dispatcherServlet'
2024-06-08 00:46:05,220 [INFO] org.springframework.web.servlet.DispatcherServlet [http-nio-8082-exec-1] Completed initialization in 1 ms
2024-06-08 00:46:06,374 [INFO] org.springdoc.api.AbstractOpenApiResource [http-nio-8082-exec-5] Init duration for springdoc-openapi is: 508 ms
2024-06-08 00:46:10,160 [DEBUG] com.example.demo.controller.AlbumController [http-nio-8082-exec-6] ADD_ALBUM_ERROR: Cannot invoke "org.springframework.security.core.Authentication.getName()" because "authentication" is null
2024-06-08 00:48:13,472 [INFO] org.springframework.orm.jpa.LocalContainerEntityManagerFactoryBean [SpringApplicationShutdownHook] Closing JPA EntityManagerFactory for persistence unit 'default'
2024-06-08 00:48:13,474 [INFO] com.zaxxer.hikari.HikariDataSource [SpringApplicationShutdownHook] HikariPool-1 - Shutdown initiated...
2024-06-08 00:48:13,479 [INFO] com.zaxxer.hikari.HikariDataSource [SpringApplicationShutdownHook] HikariPool-1 - Shutdown completed.
2024-06-08 00:48:19,013 [INFO] com.example.demo.Demo1Application [main] Starting Demo1Application using Java 17.0.7 with PID 4272 (/Users/oww/Library/Mobile Documents/com~apple~CloudDocs/IdeaProjects/springFramwork/React/demo1/target/classes started by oww in /Users/oww/Library/Mobile Documents/com~apple~CloudDocs/IdeaProjects/springFramwork/React/demo1)
2024-06-08 00:48:19,015 [DEBUG] com.example.demo.Demo1Application [main] Running with Spring Boot v3.3.0, Spring v6.1.8
2024-06-08 00:48:19,018 [INFO] com.example.demo.Demo1Application [main] No active profile set, falling back to 1 default profile: "default"
2024-06-08 00:48:20,377 [INFO] org.springframework.data.repository.config.RepositoryConfigurationDelegate [main] Bootstrapping Spring Data JPA repositories in DEFAULT mode.
2024-06-08 00:48:20,449 [INFO] org.springframework.data.repository.config.RepositoryConfigurationDelegate [main] Finished Spring Data repository scanning in 65 ms. Found 2 JPA repository interfaces.
2024-06-08 00:48:21,086 [INFO] org.springframework.boot.web.embedded.tomcat.TomcatWebServer [main] Tomcat initialized with port 8082 (http)
2024-06-08 00:48:21,097 [INFO] org.apache.catalina.core.StandardService [main] Starting service [Tomcat]
2024-06-08 00:48:21,097 [INFO] org.apache.catalina.core.StandardEngine [main] Starting Servlet engine: [Apache Tomcat/10.1.24]
2024-06-08 00:48:21,148 [INFO] org.apache.catalina.core.ContainerBase.[Tomcat].[localhost].[/] [main] Initializing Spring embedded WebApplicationContext
2024-06-08 00:48:21,149 [INFO] org.springframework.boot.web.servlet.context.ServletWebServerApplicationContext [main] Root WebApplicationContext: initialization completed in 1996 ms
2024-06-08 00:48:21,189 [INFO] com.zaxxer.hikari.HikariDataSource [main] HikariPool-1 - Starting...
2024-06-08 00:48:21,335 [INFO] com.zaxxer.hikari.pool.HikariPool [main] HikariPool-1 - Added connection conn0: url=jdbc:h2:file:./db/db user=ROOT
2024-06-08 00:48:21,337 [INFO] com.zaxxer.hikari.HikariDataSource [main] HikariPool-1 - Start completed.
2024-06-08 00:48:21,351 [INFO] org.springframework.boot.autoconfigure.h2.H2ConsoleAutoConfiguration [main] H2 console available at '/db-console'. Database available at 'jdbc:h2:file:./db/db'
2024-06-08 00:48:21,533 [INFO] org.hibernate.jpa.internal.util.LogHelper [main] HHH000204: Processing PersistenceUnitInfo [name: default]
2024-06-08 00:48:21,574 [INFO] org.hibernate.Version [main] HHH000412: Hibernate ORM core version 6.5.2.Final
2024-06-08 00:48:21,602 [INFO] org.hibernate.cache.internal.RegionFactoryInitiator [main] HHH000026: Second-level cache disabled
2024-06-08 00:48:21,814 [INFO] org.springframework.orm.jpa.persistenceunit.SpringPersistenceUnitInfo [main] No LoadTimeWeaver setup: ignoring JPA class transformer
2024-06-08 00:48:21,847 [WARN] org.hibernate.orm.deprecation [main] HHH90000025: H2Dialect does not need to be specified explicitly using 'hibernate.dialect' (remove the property setting and it will be selected by default)
2024-06-08 00:48:22,498 [INFO] org.hibernate.engine.transaction.jta.platform.internal.JtaPlatformInitiator [main] HHH000489: No JTA platform available (set 'hibernate.transaction.jta.platform' to enable JTA platform integration)
2024-06-08 00:48:22,533 [INFO] org.springframework.orm.jpa.LocalContainerEntityManagerFactoryBean [main] Initialized JPA EntityManagerFactory for persistence unit 'default'
2024-06-08 00:48:24,642 [WARN] org.springframework.boot.autoconfigure.orm.jpa.JpaBaseConfiguration$JpaWebConfiguration [main] spring.jpa.open-in-view is enabled by default. Therefore, database queries may be performed during view rendering. Explicitly configure spring.jpa.open-in-view to disable this warning
2024-06-08 00:48:24,664 [INFO] org.springframework.security.config.annotation.authentication.configuration.InitializeUserDetailsBeanManagerConfigurer$InitializeUserDetailsManagerConfigurer [main] Global AuthenticationManager configured with UserDetailsService bean with name accountService
2024-06-08 00:48:24,955 [INFO] org.springframework.security.web.DefaultSecurityFilterChain [main] Will secure any request with [org.springframework.security.web.session.DisableEncodeUrlFilter@3aebdb4, org.springframework.security.web.context.request.async.WebAsyncManagerIntegrationFilter@4fd70118, org.springframework.security.web.context.SecurityContextHolderFilter@2e2a2b07, org.springframework.security.web.header.HeaderWriterFilter@5924ea91, org.springframework.web.filter.CorsFilter@1db7c267, org.springframework.security.web.authentication.logout.LogoutFilter@273e622f, org.springframework.security.oauth2.server.resource.web.authentication.BearerTokenAuthenticationFilter@5ab1107d, org.springframework.security.web.savedrequest.RequestCacheAwareFilter@e1d2781, org.springframework.security.web.servletapi.SecurityContextHolderAwareRequestFilter@569026df, org.springframework.security.web.authentication.AnonymousAuthenticationFilter@516370c1, org.springframework.security.web.session.SessionManagementFilter@67e37d25, org.springframework.security.web.access.ExceptionTranslationFilter@3437fc4f, org.springframework.security.web.access.intercept.AuthorizationFilter@3ba8fbc8]
2024-06-08 00:48:25,276 [INFO] org.springframework.boot.web.embedded.tomcat.TomcatWebServer [main] Tomcat started on port 8082 (http) with context path '/'
2024-06-08 00:48:25,294 [INFO] com.example.demo.Demo1Application [main] Started Demo1Application in 6.817 seconds (process running for 7.424)
2024-06-08 00:48:35,714 [INFO] org.apache.catalina.core.ContainerBase.[Tomcat].[localhost].[/] [http-nio-8082-exec-1] Initializing Spring DispatcherServlet 'dispatcherServlet'
2024-06-08 00:48:35,716 [INFO] org.springframework.web.servlet.DispatcherServlet [http-nio-8082-exec-1] Initializing Servlet 'dispatcherServlet'
2024-06-08 00:48:35,717 [INFO] org.springframework.web.servlet.DispatcherServlet [http-nio-8082-exec-1] Completed initialization in 1 ms
2024-06-08 00:48:35,809 [DEBUG] com.example.demo.controller.AlbumController [http-nio-8082-exec-1] ADD_ALBUM_ERROR: Cannot invoke "org.springframework.security.core.Authentication.getName()" because "authentication" is null
2024-06-08 01:15:52,370 [INFO] org.springframework.orm.jpa.LocalContainerEntityManagerFactoryBean [SpringApplicationShutdownHook] Closing JPA EntityManagerFactory for persistence unit 'default'
2024-06-08 01:15:52,376 [INFO] com.zaxxer.hikari.HikariDataSource [SpringApplicationShutdownHook] HikariPool-1 - Shutdown initiated...
2024-06-08 01:15:52,379 [INFO] com.zaxxer.hikari.HikariDataSource [SpringApplicationShutdownHook] HikariPool-1 - Shutdown completed.
2024-06-08 01:15:57,677 [INFO] com.example.demo.Demo1Application [main] Starting Demo1Application using Java 17.0.7 with PID 12324 (/Users/oww/Library/Mobile Documents/com~apple~CloudDocs/IdeaProjects/springFramwork/React/demo1/target/classes started by oww in /Users/oww/Library/Mobile Documents/com~apple~CloudDocs/IdeaProjects/springFramwork/React/demo1)
2024-06-08 01:15:57,681 [DEBUG] com.example.demo.Demo1Application [main] Running with Spring Boot v3.3.0, Spring v6.1.8
2024-06-08 01:15:57,684 [INFO] com.example.demo.Demo1Application [main] No active profile set, falling back to 1 default profile: "default"
2024-06-08 01:15:58,858 [INFO] org.springframework.data.repository.config.RepositoryConfigurationDelegate [main] Bootstrapping Spring Data JPA repositories in DEFAULT mode.
2024-06-08 01:15:58,931 [INFO] org.springframework.data.repository.config.RepositoryConfigurationDelegate [main] Finished Spring Data repository scanning in 66 ms. Found 2 JPA repository interfaces.
2024-06-08 01:15:59,562 [INFO] org.springframework.boot.web.embedded.tomcat.TomcatWebServer [main] Tomcat initialized with port 8082 (http)
2024-06-08 01:15:59,572 [INFO] org.apache.catalina.core.StandardService [main] Starting service [Tomcat]
2024-06-08 01:15:59,573 [INFO] org.apache.catalina.core.StandardEngine [main] Starting Servlet engine: [Apache Tomcat/10.1.24]
2024-06-08 01:15:59,626 [INFO] org.apache.catalina.core.ContainerBase.[Tomcat].[localhost].[/] [main] Initializing Spring embedded WebApplicationContext
2024-06-08 01:15:59,627 [INFO] org.springframework.boot.web.servlet.context.ServletWebServerApplicationContext [main] Root WebApplicationContext: initialization completed in 1854 ms
2024-06-08 01:15:59,669 [INFO] com.zaxxer.hikari.HikariDataSource [main] HikariPool-1 - Starting...
2024-06-08 01:15:59,830 [INFO] com.zaxxer.hikari.pool.HikariPool [main] HikariPool-1 - Added connection conn0: url=jdbc:h2:file:./db/db user=ROOT
2024-06-08 01:15:59,831 [INFO] com.zaxxer.hikari.HikariDataSource [main] HikariPool-1 - Start completed.
2024-06-08 01:15:59,844 [INFO] org.springframework.boot.autoconfigure.h2.H2ConsoleAutoConfiguration [main] H2 console available at '/db-console'. Database available at 'jdbc:h2:file:./db/db'
2024-06-08 01:16:00,032 [INFO] org.hibernate.jpa.internal.util.LogHelper [main] HHH000204: Processing PersistenceUnitInfo [name: default]
2024-06-08 01:16:00,072 [INFO] org.hibernate.Version [main] HHH000412: Hibernate ORM core version 6.5.2.Final
2024-06-08 01:16:00,095 [INFO] org.hibernate.cache.internal.RegionFactoryInitiator [main] HHH000026: Second-level cache disabled
2024-06-08 01:16:00,309 [INFO] org.springframework.orm.jpa.persistenceunit.SpringPersistenceUnitInfo [main] No LoadTimeWeaver setup: ignoring JPA class transformer
2024-06-08 01:16:00,342 [WARN] org.hibernate.orm.deprecation [main] HHH90000025: H2Dialect does not need to be specified explicitly using 'hibernate.dialect' (remove the property setting and it will be selected by default)
2024-06-08 01:16:01,019 [INFO] org.hibernate.engine.transaction.jta.platform.internal.JtaPlatformInitiator [main] HHH000489: No JTA platform available (set 'hibernate.transaction.jta.platform' to enable JTA platform integration)
2024-06-08 01:16:01,057 [INFO] org.springframework.orm.jpa.LocalContainerEntityManagerFactoryBean [main] Initialized JPA EntityManagerFactory for persistence unit 'default'
2024-06-08 01:16:02,676 [WARN] org.springframework.boot.autoconfigure.orm.jpa.JpaBaseConfiguration$JpaWebConfiguration [main] spring.jpa.open-in-view is enabled by default. Therefore, database queries may be performed during view rendering. Explicitly configure spring.jpa.open-in-view to disable this warning
2024-06-08 01:16:02,693 [INFO] org.springframework.security.config.annotation.authentication.configuration.InitializeUserDetailsBeanManagerConfigurer$InitializeUserDetailsManagerConfigurer [main] Global AuthenticationManager configured with UserDetailsService bean with name accountService
2024-06-08 01:16:03,034 [INFO] org.springframework.security.web.DefaultSecurityFilterChain [main] Will secure any request with [org.springframework.security.web.session.DisableEncodeUrlFilter@5cb3cfef, org.springframework.security.web.context.request.async.WebAsyncManagerIntegrationFilter@eb77241, org.springframework.security.web.context.SecurityContextHolderFilter@40dcbf7, org.springframework.security.web.header.HeaderWriterFilter@5a183fa6, org.springframework.web.filter.CorsFilter@197da701, org.springframework.security.web.authentication.logout.LogoutFilter@7cd2d3b6, org.springframework.security.oauth2.server.resource.web.authentication.BearerTokenAuthenticationFilter@1851f19f, org.springframework.security.web.savedrequest.RequestCacheAwareFilter@19565b5, org.springframework.security.web.servletapi.SecurityContextHolderAwareRequestFilter@3b446d7, org.springframework.security.web.authentication.AnonymousAuthenticationFilter@35fd03d9, org.springframework.security.web.session.SessionManagementFilter@5bd191c2, org.springframework.security.web.access.ExceptionTranslationFilter@52cda4bd, org.springframework.security.web.access.intercept.AuthorizationFilter@4f09d998]
2024-06-08 01:16:03,357 [INFO] org.springframework.boot.web.embedded.tomcat.TomcatWebServer [main] Tomcat started on port 8082 (http) with context path '/'
2024-06-08 01:16:03,371 [INFO] com.example.demo.Demo1Application [main] Started Demo1Application in 6.347 seconds (process running for 6.983)
2024-06-08 01:16:13,225 [INFO] org.apache.catalina.core.ContainerBase.[Tomcat].[localhost].[/] [http-nio-8082-exec-1] Initializing Spring DispatcherServlet 'dispatcherServlet'
2024-06-08 01:16:13,226 [INFO] org.springframework.web.servlet.DispatcherServlet [http-nio-8082-exec-1] Initializing Servlet 'dispatcherServlet'
2024-06-08 01:16:13,227 [INFO] org.springframework.web.servlet.DispatcherServlet [http-nio-8082-exec-1] Completed initialization in 1 ms
2024-06-08 01:16:14,310 [INFO] org.springdoc.api.AbstractOpenApiResource [http-nio-8082-exec-5] Init duration for springdoc-openapi is: 543 ms
2024-06-08 01:19:28,223 [INFO] org.springframework.orm.jpa.LocalContainerEntityManagerFactoryBean [SpringApplicationShutdownHook] Closing JPA EntityManagerFactory for persistence unit 'default'
2024-06-08 01:19:28,225 [INFO] com.zaxxer.hikari.HikariDataSource [SpringApplicationShutdownHook] HikariPool-1 - Shutdown initiated...
2024-06-08 01:19:28,228 [INFO] com.zaxxer.hikari.HikariDataSource [SpringApplicationShutdownHook] HikariPool-1 - Shutdown completed.
2024-06-08 01:19:34,028 [INFO] com.example.demo.Demo1Application [main] Starting Demo1Application using Java 17.0.7 with PID 13397 (/Users/oww/Library/Mobile Documents/com~apple~CloudDocs/IdeaProjects/springFramwork/React/demo1/target/classes started by oww in /Users/oww/Library/Mobile Documents/com~apple~CloudDocs/IdeaProjects/springFramwork/React/demo1)
2024-06-08 01:19:34,031 [DEBUG] com.example.demo.Demo1Application [main] Running with Spring Boot v3.3.0, Spring v6.1.8
2024-06-08 01:19:34,033 [INFO] com.example.demo.Demo1Application [main] No active profile set, falling back to 1 default profile: "default"
2024-06-08 01:19:35,306 [INFO] org.springframework.data.repository.config.RepositoryConfigurationDelegate [main] Bootstrapping Spring Data JPA repositories in DEFAULT mode.
2024-06-08 01:19:35,379 [INFO] org.springframework.data.repository.config.RepositoryConfigurationDelegate [main] Finished Spring Data repository scanning in 66 ms. Found 2 JPA repository interfaces.
2024-06-08 01:19:36,027 [INFO] org.springframework.boot.web.embedded.tomcat.TomcatWebServer [main] Tomcat initialized with port 8082 (http)
2024-06-08 01:19:36,039 [INFO] org.apache.catalina.core.StandardService [main] Starting service [Tomcat]
2024-06-08 01:19:36,039 [INFO] org.apache.catalina.core.StandardEngine [main] Starting Servlet engine: [Apache Tomcat/10.1.24]
2024-06-08 01:19:36,174 [INFO] org.apache.catalina.core.ContainerBase.[Tomcat].[localhost].[/] [main] Initializing Spring embedded WebApplicationContext
2024-06-08 01:19:36,177 [INFO] org.springframework.boot.web.servlet.context.ServletWebServerApplicationContext [main] Root WebApplicationContext: initialization completed in 2089 ms
2024-06-08 01:19:36,223 [INFO] com.zaxxer.hikari.HikariDataSource [main] HikariPool-1 - Starting...
2024-06-08 01:19:36,495 [INFO] com.zaxxer.hikari.pool.HikariPool [main] HikariPool-1 - Added connection conn0: url=jdbc:h2:file:./db/db user=ROOT
2024-06-08 01:19:36,497 [INFO] com.zaxxer.hikari.HikariDataSource [main] HikariPool-1 - Start completed.
2024-06-08 01:19:36,510 [INFO] org.springframework.boot.autoconfigure.h2.H2ConsoleAutoConfiguration [main] H2 console available at '/db-console'. Database available at 'jdbc:h2:file:./db/db'
2024-06-08 01:19:36,706 [INFO] org.hibernate.jpa.internal.util.LogHelper [main] HHH000204: Processing PersistenceUnitInfo [name: default]
2024-06-08 01:19:36,751 [INFO] org.hibernate.Version [main] HHH000412: Hibernate ORM core version 6.5.2.Final
2024-06-08 01:19:36,782 [INFO] org.hibernate.cache.internal.RegionFactoryInitiator [main] HHH000026: Second-level cache disabled
2024-06-08 01:19:37,013 [INFO] org.springframework.orm.jpa.persistenceunit.SpringPersistenceUnitInfo [main] No LoadTimeWeaver setup: ignoring JPA class transformer
2024-06-08 01:19:37,047 [WARN] org.hibernate.orm.deprecation [main] HHH90000025: H2Dialect does not need to be specified explicitly using 'hibernate.dialect' (remove the property setting and it will be selected by default)
2024-06-08 01:19:37,873 [INFO] org.hibernate.engine.transaction.jta.platform.internal.JtaPlatformInitiator [main] HHH000489: No JTA platform available (set 'hibernate.transaction.jta.platform' to enable JTA platform integration)
2024-06-08 01:19:37,919 [INFO] org.springframework.orm.jpa.LocalContainerEntityManagerFactoryBean [main] Initialized JPA EntityManagerFactory for persistence unit 'default'
2024-06-08 01:19:39,281 [WARN] org.springframework.boot.autoconfigure.orm.jpa.JpaBaseConfiguration$JpaWebConfiguration [main] spring.jpa.open-in-view is enabled by default. Therefore, database queries may be performed during view rendering. Explicitly configure spring.jpa.open-in-view to disable this warning
2024-06-08 01:19:39,304 [INFO] org.springframework.security.config.annotation.authentication.configuration.InitializeUserDetailsBeanManagerConfigurer$InitializeUserDetailsManagerConfigurer [main] Global AuthenticationManager configured with UserDetailsService bean with name accountService
2024-06-08 01:19:39,593 [INFO] org.springframework.security.web.DefaultSecurityFilterChain [main] Will secure any request with [org.springframework.security.web.session.DisableEncodeUrlFilter@39303a6, org.springframework.security.web.context.request.async.WebAsyncManagerIntegrationFilter@2d7df55, org.springframework.security.web.context.SecurityContextHolderFilter@292b7a02, org.springframework.security.web.header.HeaderWriterFilter@3be2ef56, org.springframework.web.filter.CorsFilter@674c01ce, org.springframework.security.web.authentication.logout.LogoutFilter@1db7c267, org.springframework.security.oauth2.server.resource.web.authentication.BearerTokenAuthenticationFilter@cbd3871, org.springframework.security.web.savedrequest.RequestCacheAwareFilter@25dacc5a, org.springframework.security.web.servletapi.SecurityContextHolderAwareRequestFilter@5bd191c2, org.springframework.security.web.authentication.AnonymousAuthenticationFilter@4b8ba6b7, org.springframework.security.web.session.SessionManagementFilter@40aaf656, org.springframework.security.web.access.ExceptionTranslationFilter@60cbba57, org.springframework.security.web.access.intercept.AuthorizationFilter@7f922523]
2024-06-08 01:19:39,916 [INFO] org.springframework.boot.web.embedded.tomcat.TomcatWebServer [main] Tomcat started on port 8082 (http) with context path '/'
2024-06-08 01:19:39,934 [INFO] com.example.demo.Demo1Application [main] Started Demo1Application in 6.67 seconds (process running for 7.436)
2024-06-08 01:20:07,976 [INFO] org.apache.catalina.core.ContainerBase.[Tomcat].[localhost].[/] [http-nio-8082-exec-1] Initializing Spring DispatcherServlet 'dispatcherServlet'
2024-06-08 01:20:07,977 [INFO] org.springframework.web.servlet.DispatcherServlet [http-nio-8082-exec-1] Initializing Servlet 'dispatcherServlet'
2024-06-08 01:20:07,979 [INFO] org.springframework.web.servlet.DispatcherServlet [http-nio-8082-exec-1] Completed initialization in 1 ms
2024-06-08 01:20:09,506 [INFO] org.springdoc.api.AbstractOpenApiResource [http-nio-8082-exec-5] Init duration for springdoc-openapi is: 728 ms
2024-06-08 01:23:52,432 [INFO] org.springframework.orm.jpa.LocalContainerEntityManagerFactoryBean [SpringApplicationShutdownHook] Closing JPA EntityManagerFactory for persistence unit 'default'
2024-06-08 01:23:52,435 [INFO] com.zaxxer.hikari.HikariDataSource [SpringApplicationShutdownHook] HikariPool-1 - Shutdown initiated...
2024-06-08 01:23:52,439 [INFO] com.zaxxer.hikari.HikariDataSource [SpringApplicationShutdownHook] HikariPool-1 - Shutdown completed.
2024-06-08 01:23:58,071 [INFO] com.example.demo.Demo1Application [main] Starting Demo1Application using Java 17.0.7 with PID 14704 (/Users/oww/Library/Mobile Documents/com~apple~CloudDocs/IdeaProjects/springFramwork/React/demo1/target/classes started by oww in /Users/oww/Library/Mobile Documents/com~apple~CloudDocs/IdeaProjects/springFramwork/React/demo1)
2024-06-08 01:23:58,073 [DEBUG] com.example.demo.Demo1Application [main] Running with Spring Boot v3.3.0, Spring v6.1.8
2024-06-08 01:23:58,074 [INFO] com.example.demo.Demo1Application [main] No active profile set, falling back to 1 default profile: "default"
2024-06-08 01:23:59,190 [INFO] org.springframework.data.repository.config.RepositoryConfigurationDelegate [main] Bootstrapping Spring Data JPA repositories in DEFAULT mode.
2024-06-08 01:23:59,254 [INFO] org.springframework.data.repository.config.RepositoryConfigurationDelegate [main] Finished Spring Data repository scanning in 59 ms. Found 2 JPA repository interfaces.
2024-06-08 01:23:59,843 [INFO] org.springframework.boot.web.embedded.tomcat.TomcatWebServer [main] Tomcat initialized with port 8082 (http)
2024-06-08 01:23:59,853 [INFO] org.apache.catalina.core.StandardService [main] Starting service [Tomcat]
2024-06-08 01:23:59,853 [INFO] org.apache.catalina.core.StandardEngine [main] Starting Servlet engine: [Apache Tomcat/10.1.24]
2024-06-08 01:23:59,899 [INFO] org.apache.catalina.core.ContainerBase.[Tomcat].[localhost].[/] [main] Initializing Spring embedded WebApplicationContext
2024-06-08 01:23:59,900 [INFO] org.springframework.boot.web.servlet.context.ServletWebServerApplicationContext [main] Root WebApplicationContext: initialization completed in 1762 ms
2024-06-08 01:23:59,934 [INFO] com.zaxxer.hikari.HikariDataSource [main] HikariPool-1 - Starting...
2024-06-08 01:24:00,071 [INFO] com.zaxxer.hikari.pool.HikariPool [main] HikariPool-1 - Added connection conn0: url=jdbc:h2:file:./db/db user=ROOT
2024-06-08 01:24:00,073 [INFO] com.zaxxer.hikari.HikariDataSource [main] HikariPool-1 - Start completed.
2024-06-08 01:24:00,086 [INFO] org.springframework.boot.autoconfigure.h2.H2ConsoleAutoConfiguration [main] H2 console available at '/db-console'. Database available at 'jdbc:h2:file:./db/db'
2024-06-08 01:24:00,280 [INFO] org.hibernate.jpa.internal.util.LogHelper [main] HHH000204: Processing PersistenceUnitInfo [name: default]
2024-06-08 01:24:00,320 [INFO] org.hibernate.Version [main] HHH000412: Hibernate ORM core version 6.5.2.Final
2024-06-08 01:24:00,345 [INFO] org.hibernate.cache.internal.RegionFactoryInitiator [main] HHH000026: Second-level cache disabled
2024-06-08 01:24:00,543 [INFO] org.springframework.orm.jpa.persistenceunit.SpringPersistenceUnitInfo [main] No LoadTimeWeaver setup: ignoring JPA class transformer
2024-06-08 01:24:00,581 [WARN] org.hibernate.orm.deprecation [main] HHH90000025: H2Dialect does not need to be specified explicitly using 'hibernate.dialect' (remove the property setting and it will be selected by default)
2024-06-08 01:24:01,258 [INFO] org.hibernate.engine.transaction.jta.platform.internal.JtaPlatformInitiator [main] HHH000489: No JTA platform available (set 'hibernate.transaction.jta.platform' to enable JTA platform integration)
2024-06-08 01:24:01,294 [INFO] org.springframework.orm.jpa.LocalContainerEntityManagerFactoryBean [main] Initialized JPA EntityManagerFactory for persistence unit 'default'
2024-06-08 01:24:02,060 [WARN] org.springframework.boot.autoconfigure.orm.jpa.JpaBaseConfiguration$JpaWebConfiguration [main] spring.jpa.open-in-view is enabled by default. Therefore, database queries may be performed during view rendering. Explicitly configure spring.jpa.open-in-view to disable this warning
2024-06-08 01:24:02,083 [INFO] org.springframework.security.config.annotation.authentication.configuration.InitializeUserDetailsBeanManagerConfigurer$InitializeUserDetailsManagerConfigurer [main] Global AuthenticationManager configured with UserDetailsService bean with name accountService
2024-06-08 01:24:02,376 [INFO] org.springframework.security.web.DefaultSecurityFilterChain [main] Will secure any request with [org.springframework.security.web.session.DisableEncodeUrlFilter@344f4a82, org.springframework.security.web.context.request.async.WebAsyncManagerIntegrationFilter@1ecbb787, org.springframework.security.web.context.SecurityContextHolderFilter@7cddc50f, org.springframework.security.web.header.HeaderWriterFilter@569026df, org.springframework.web.filter.CorsFilter@6441cff1, org.springframework.security.web.authentication.logout.LogoutFilter@ec67be1, org.springframework.security.oauth2.server.resource.web.authentication.BearerTokenAuthenticationFilter@33293b34, org.springframework.security.web.savedrequest.RequestCacheAwareFilter@c680819, org.springframework.security.web.servletapi.SecurityContextHolderAwareRequestFilter@55b7f9f1, org.springframework.security.web.authentication.AnonymousAuthenticationFilter@1dc987b, org.springframework.security.web.session.SessionManagementFilter@3bbb3c84, org.springframework.security.web.access.ExceptionTranslationFilter@186fc6e, org.springframework.security.web.access.intercept.AuthorizationFilter@e98004e]
2024-06-08 01:24:02,800 [INFO] org.springframework.boot.web.embedded.tomcat.TomcatWebServer [main] Tomcat started on port 8082 (http) with context path '/'
2024-06-08 01:24:02,818 [INFO] com.example.demo.Demo1Application [main] Started Demo1Application in 5.324 seconds (process running for 5.911)
2024-06-08 01:24:04,394 [INFO] org.apache.catalina.core.ContainerBase.[Tomcat].[localhost].[/] [http-nio-8082-exec-1] Initializing Spring DispatcherServlet 'dispatcherServlet'
2024-06-08 01:24:04,395 [INFO] org.springframework.web.servlet.DispatcherServlet [http-nio-8082-exec-1] Initializing Servlet 'dispatcherServlet'
2024-06-08 01:24:04,397 [INFO] org.springframework.web.servlet.DispatcherServlet [http-nio-8082-exec-1] Completed initialization in 1 ms
2024-06-08 01:39:34,131 [INFO] org.springframework.orm.jpa.LocalContainerEntityManagerFactoryBean [SpringApplicationShutdownHook] Closing JPA EntityManagerFactory for persistence unit 'default'
2024-06-08 01:39:34,140 [INFO] com.zaxxer.hikari.HikariDataSource [SpringApplicationShutdownHook] HikariPool-1 - Shutdown initiated...
2024-06-08 01:39:34,143 [INFO] com.zaxxer.hikari.HikariDataSource [SpringApplicationShutdownHook] HikariPool-1 - Shutdown completed.
